<?xml version="1.0" encoding="UTF-8"?>
<testsuite xmlns:xsi="http://www.w3.org/2001/XMLSchema-instance" xsi:noNamespaceSchemaLocation="https://maven.apache.org/surefire/maven-surefire-plugin/xsd/surefire-test-report.xsd" name="inventory.integration.step3.InventoryServiceTest" time="0.008" tests="9" errors="0" skipped="0" failures="0">
  <properties>
[...]
</properties>
  <testcase name="testDeletePart_WhenPartIsOnlyPartInProduct_ShouldThrowException" classname="inventory.integration.step3.InventoryServiceTest" time="0"/>
  <testcase name="testAddOutsourcePart_Successful" classname="inventory.integration.step3.InventoryServiceTest" time="0"/>
  <testcase name="testGetAllParts" classname="inventory.integration.step3.InventoryServiceTest" time="0"/>
  <testcase name="testLookupPart_CallsRepository" classname="inventory.integration.step3.InventoryServiceTest" time="0.004"/>
  <testcase name="testDeletePart_WhenPartIsNotTheOnlyPart_ShouldDeleteSuccessfully" classname="inventory.integration.step3.InventoryServiceTest" time="0"/>
  <testcase name="testGetAllParts_CallsRepository" classname="inventory.integration.step3.InventoryServiceTest" time="0"/>
  <testcase name="testUpdateOutsourcedPart_Successful" classname="inventory.integration.step3.InventoryServiceTest" time="0.004"/>
  <testcase name="testUpdateInhousePart_Successful" classname="inventory.integration.step3.InventoryServiceTest" time="0"/>
  <testcase name="testAddInhousePart_Successful" classname="inventory.integration.step3.InventoryServiceTest" time="0"/>
</testsuite>